info it worked if it ends with ok
verbose cli [ 'node', '/usr/local/bin/npm', 'install', 'socket-io' ]
info using npm@1.0.6
info using node@v0.5.0-pre
verbose config file /root/.npmrc
verbose config file /usr/local/etc/npmrc
silly testEngine { name: 'application-name',
silly testEngine   version: '0.0.1',
silly testEngine   private: true,
silly testEngine   dependencies: { express: '2.4.6', jade: '>= 0.0.1' },
silly testEngine   devDependencies: {},
silly testEngine   _id: 'application-name@0.0.1',
silly testEngine   engines: { node: '*' },
silly testEngine   _engineSupported: true,
silly testEngine   _npmVersion: '1.0.6',
silly testEngine   _nodeVersion: 'v0.5.0-pre',
silly testEngine   _defaultsLoaded: true }
verbose caching /opt/Trolltris/package.json
verbose loadDefaults application-name@0.0.1
silly testEngine { author: { name: 'Flotype' },
silly testEngine   name: 'now',
silly testEngine   description: 'NowJS: An easy to use real-time RPC library',
silly testEngine   version: '0.7.5',
silly testEngine   repository: 
silly testEngine    { type: 'git',
silly testEngine      url: 'git://github.com/Flotype/now.git' },
silly testEngine   main: 'lib/server.js',
silly testEngine   engines: { node: '>= v0.4.0' },
silly testEngine   dependencies: { 'socket.io': '>= 0.8.4', 'node-proxy': '>= 0.4.0' },
silly testEngine   devDependencies: {},
silly testEngine   _id: 'now@0.7.5',
silly testEngine   _engineSupported: true,
silly testEngine   _npmVersion: '1.0.6',
silly testEngine   _nodeVersion: 'v0.5.0-pre',
silly testEngine   _defaultsLoaded: true }
verbose caching /opt/Trolltris/node_modules/now/package.json
verbose loadDefaults now@0.7.5
silly testEngine { name: 'express',
silly testEngine   description: 'Sinatra inspired web development framework',
silly testEngine   version: '2.4.6',
silly testEngine   author: 
silly testEngine    { name: 'TJ Holowaychuk',
silly testEngine      email: 'tj@vision-media.ca' },
silly testEngine   contributors: 
silly testEngine    [ { name: 'TJ Holowaychuk',
silly testEngine        email: 'tj@vision-media.ca' },
silly testEngine      { name: 'Aaron Heckmann',
silly testEngine        email: 'aaron.heckmann+github@gmail.com' },
silly testEngine      { name: 'Ciaran Jessup', email: 'ciaranj@gmail.com' },
silly testEngine      { name: 'Guillermo Rauch', email: 'rauchg@gmail.com' } ],
silly testEngine   dependencies: 
silly testEngine    { connect: '>= 1.5.2 < 2.0.0',
silly testEngine      mime: '>= 0.0.1',
silly testEngine      qs: '>= 0.3.1' },
silly testEngine   devDependencies: 
silly testEngine    { 'connect-form': '0.2.1',
silly testEngine      ejs: '0.4.2',
silly testEngine      expresso: '0.7.2',
silly testEngine      hamljs: '0.5.1',
silly testEngine      jade: '0.11.0',
silly testEngine      stylus: '0.13.0',
silly testEngine      should: '0.2.1',
silly testEngine      'express-messages': '0.0.2',
silly testEngine      'node-markdown': '>= 0.0.1',
silly testEngine      'connect-redis': '>= 0.0.1' },
silly testEngine   keywords: [ 'framework', 'sinatra', 'web', 'rest', 'restful' ],
silly testEngine   repository: 
silly testEngine    { type: 'git',
silly testEngine      url: 'git://github.com/visionmedia/express.git' },
silly testEngine   main: 'index',
silly testEngine   bin: { express: './bin/express' },
silly testEngine   scripts: { test: 'make test', prepublish: 'npm prune' },
silly testEngine   engines: { node: '>= 0.4.1 < 0.5.0' },
silly testEngine   _id: 'express@2.4.6',
silly testEngine   _engineSupported: true,
silly testEngine   _npmVersion: '1.0.6',
silly testEngine   _nodeVersion: 'v0.5.0-pre',
silly testEngine   _defaultsLoaded: true }
verbose caching /opt/Trolltris/node_modules/express/package.json
verbose loadDefaults express@2.4.6
silly testEngine { name: 'ejs',
silly testEngine   description: 'Embedded JavaScript templates',
silly testEngine   version: '0.4.3',
silly testEngine   author: 
silly testEngine    { name: 'TJ Holowaychuk',
silly testEngine      email: 'tj@vision-media.ca' },
silly testEngine   keywords: [ 'template', 'engine', 'ejs' ],
silly testEngine   main: './lib/ejs.js',
silly testEngine   dependencies: {},
silly testEngine   devDependencies: {},
silly testEngine   _id: 'ejs@0.4.3',
silly testEngine   engines: { node: '*' },
silly testEngine   _engineSupported: true,
silly testEngine   _npmVersion: '1.0.6',
silly testEngine   _nodeVersion: 'v0.5.0-pre',
silly testEngine   _defaultsLoaded: true }
verbose caching /opt/Trolltris/node_modules/ejs/package.json
verbose loadDefaults ejs@0.4.3
verbose from cache /opt/Trolltris/package.json
verbose into /opt/Trolltris [ 'socket-io' ]
verbose cache add [ 'socket-io', null ]
info addNamed [ 'socket-io', '' ]
verbose addNamed [ null, '' ]
verbose GET socket-io
verbose raw, before any munging socket-io
verbose url resolving [ 'http://registry.npmjs.org/', './socket-io' ]
verbose url resolved http://registry.npmjs.org/socket-io
verbose url parsed { href: 'http://registry.npmjs.org/socket-io',
verbose url parsed   protocol: 'http:',
verbose url parsed   slashes: true,
verbose url parsed   host: 'registry.npmjs.org',
verbose url parsed   hostname: 'registry.npmjs.org',
verbose url parsed   pathname: '/socket-io' }
verbose response http://registry.npmjs.org/socket-io
silly chunk {"error":"not_found","reason":"document not found"}
silly chunk 
silly get cb [ 404,
silly get cb   { server: 'CouchDB/1.1.0 (Erlang OTP/R14B03)',
silly get cb     date: 'Sat, 22 Oct 2011 11:50:23 GMT',
silly get cb     'content-type': 'application/json',
silly get cb     'content-length': '52',
silly get cb     'cache-control': 'must-revalidate' } ]
ERR! 404 'socket-io' is not in the npm registry.
ERR! 404 You should bug the author to publish it.
ERR! 404 Note that you can also install from a tarball or folder.
ERR! 
ERR! System Linux 2.6.39.1-linode34
ERR! command "node" "/usr/local/bin/npm" "install" "socket-io"
verbose exit [ 1, true ]
